<?xml version="1.0" encoding="UTF-8"?>
<testsuite xmlns:xsi="http://www.w3.org/2001/XMLSchema-instance" xsi:noNamespaceSchemaLocation="https://maven.apache.org/surefire/maven-surefire-plugin/xsd/surefire-test-report.xsd" name="TestSuite" time="66.526" tests="2" errors="0" skipped="0" failures="1">
  <properties>
    <property name="java.specification.version" value="17"/>
    <property name="sun.jnu.encoding" value="UTF-8"/>
    <property name="java.class.path" value="/home/peregrine-it/.m2/repository/org/apache/maven/surefire/surefire-booter/2.22.2/surefire-booter-2.22.2.jar:/home/peregrine-it/.m2/repository/org/apache/maven/surefire/surefire-api/2.22.2/surefire-api-2.22.2.jar:/home/peregrine-it/.m2/repository/org/apache/maven/surefire/surefire-logger-api/2.22.2/surefire-logger-api-2.22.2.jar:/home/peregrine-it/eclipse/AttendanceRecord/target/test-classes:/home/peregrine-it/eclipse/AttendanceRecord/target/classes:/home/peregrine-it/.m2/repository/junit/junit/3.8.1/junit-3.8.1.jar:/home/peregrine-it/.m2/repository/org/apache/commons/commons-compress/1.27.1/commons-compress-1.27.1.jar:/home/peregrine-it/.m2/repository/commons-codec/commons-codec/1.17.1/commons-codec-1.17.1.jar:/home/peregrine-it/.m2/repository/commons-io/commons-io/2.16.1/commons-io-2.16.1.jar:/home/peregrine-it/.m2/repository/org/apache/commons/commons-lang3/3.16.0/commons-lang3-3.16.0.jar:/home/peregrine-it/.m2/repository/org/apache/logging/log4j/log4j-core/2.20.0/log4j-core-2.20.0.jar:/home/peregrine-it/.m2/repository/org/apache/logging/log4j/log4j-api/2.20.0/log4j-api-2.20.0.jar:/home/peregrine-it/.m2/repository/io/github/bonigarcia/webdrivermanager/5.6.2/webdrivermanager-5.6.2.jar:/home/peregrine-it/.m2/repository/org/slf4j/slf4j-api/2.0.9/slf4j-api-2.0.9.jar:/home/peregrine-it/.m2/repository/com/google/code/gson/gson/2.10.1/gson-2.10.1.jar:/home/peregrine-it/.m2/repository/com/github/docker-java/docker-java/3.3.4/docker-java-3.3.4.jar:/home/peregrine-it/.m2/repository/com/github/docker-java/docker-java-core/3.3.4/docker-java-core-3.3.4.jar:/home/peregrine-it/.m2/repository/com/github/docker-java/docker-java-api/3.3.4/docker-java-api-3.3.4.jar:/home/peregrine-it/.m2/repository/com/fasterxml/jackson/core/jackson-annotations/2.10.3/jackson-annotations-2.10.3.jar:/home/peregrine-it/.m2/repository/com/fasterxml/jackson/core/jackson-databind/2.10.3/jackson-databind-2.10.3.jar:/home/peregrine-it/.m2/repository/com/fasterxml/jackson/core/jackson-core/2.10.3/jackson-core-2.10.3.jar:/home/peregrine-it/.m2/repository/org/bouncycastle/bcpkix-jdk18on/1.76/bcpkix-jdk18on-1.76.jar:/home/peregrine-it/.m2/repository/org/bouncycastle/bcprov-jdk18on/1.76/bcprov-jdk18on-1.76.jar:/home/peregrine-it/.m2/repository/org/bouncycastle/bcutil-jdk18on/1.76/bcutil-jdk18on-1.76.jar:/home/peregrine-it/.m2/repository/org/slf4j/jcl-over-slf4j/1.7.30/jcl-over-slf4j-1.7.30.jar:/home/peregrine-it/.m2/repository/com/github/docker-java/docker-java-transport-httpclient5/3.3.4/docker-java-transport-httpclient5-3.3.4.jar:/home/peregrine-it/.m2/repository/com/github/docker-java/docker-java-transport/3.3.4/docker-java-transport-3.3.4.jar:/home/peregrine-it/.m2/repository/net/java/dev/jna/jna/5.13.0/jna-5.13.0.jar:/home/peregrine-it/.m2/repository/org/brotli/dec/0.1.2/dec-0.1.2.jar:/home/peregrine-it/.m2/repository/org/apache/httpcomponents/client5/httpclient5/5.2.1/httpclient5-5.2.1.jar:/home/peregrine-it/.m2/repository/org/apache/httpcomponents/core5/httpcore5/5.2/httpcore5-5.2.jar:/home/peregrine-it/.m2/repository/org/apache/httpcomponents/core5/httpcore5-h2/5.2/httpcore5-h2-5.2.jar:/home/peregrine-it/.m2/repository/org/seleniumhq/selenium/selenium-java/4.33.0/selenium-java-4.33.0.jar:/home/peregrine-it/.m2/repository/org/seleniumhq/selenium/selenium-api/4.33.0/selenium-api-4.33.0.jar:/home/peregrine-it/.m2/repository/org/jspecify/jspecify/1.0.0/jspecify-1.0.0.jar:/home/peregrine-it/.m2/repository/org/seleniumhq/selenium/selenium-chrome-driver/4.33.0/selenium-chrome-driver-4.33.0.jar:/home/peregrine-it/.m2/repository/com/google/auto/service/auto-service-annotations/1.1.1/auto-service-annotations-1.1.1.jar:/home/peregrine-it/.m2/repository/org/seleniumhq/selenium/selenium-chromium-driver/4.33.0/selenium-chromium-driver-4.33.0.jar:/home/peregrine-it/.m2/repository/org/seleniumhq/selenium/selenium-json/4.33.0/selenium-json-4.33.0.jar:/home/peregrine-it/.m2/repository/org/seleniumhq/selenium/selenium-manager/4.33.0/selenium-manager-4.33.0.jar:/home/peregrine-it/.m2/repository/org/seleniumhq/selenium/selenium-devtools-v135/4.33.0/selenium-devtools-v135-4.33.0.jar:/home/peregrine-it/.m2/repository/org/seleniumhq/selenium/selenium-devtools-v136/4.33.0/selenium-devtools-v136-4.33.0.jar:/home/peregrine-it/.m2/repository/org/seleniumhq/selenium/selenium-devtools-v137/4.33.0/selenium-devtools-v137-4.33.0.jar:/home/peregrine-it/.m2/repository/org/seleniumhq/selenium/selenium-edge-driver/4.33.0/selenium-edge-driver-4.33.0.jar:/home/peregrine-it/.m2/repository/org/seleniumhq/selenium/selenium-firefox-driver/4.33.0/selenium-firefox-driver-4.33.0.jar:/home/peregrine-it/.m2/repository/org/seleniumhq/selenium/selenium-http/4.33.0/selenium-http-4.33.0.jar:/home/peregrine-it/.m2/repository/org/seleniumhq/selenium/selenium-ie-driver/4.33.0/selenium-ie-driver-4.33.0.jar:/home/peregrine-it/.m2/repository/org/seleniumhq/selenium/selenium-remote-driver/4.33.0/selenium-remote-driver-4.33.0.jar:/home/peregrine-it/.m2/repository/com/google/guava/guava/33.4.8-jre/guava-33.4.8-jre.jar:/home/peregrine-it/.m2/repository/com/google/guava/failureaccess/1.0.3/failureaccess-1.0.3.jar:/home/peregrine-it/.m2/repository/com/google/guava/listenablefuture/9999.0-empty-to-avoid-conflict-with-guava/listenablefuture-9999.0-empty-to-avoid-conflict-with-guava.jar:/home/peregrine-it/.m2/repository/com/google/errorprone/error_prone_annotations/2.36.0/error_prone_annotations-2.36.0.jar:/home/peregrine-it/.m2/repository/com/google/j2objc/j2objc-annotations/3.0.0/j2objc-annotations-3.0.0.jar:/home/peregrine-it/.m2/repository/io/opentelemetry/opentelemetry-api/1.50.0/opentelemetry-api-1.50.0.jar:/home/peregrine-it/.m2/repository/io/opentelemetry/opentelemetry-context/1.50.0/opentelemetry-context-1.50.0.jar:/home/peregrine-it/.m2/repository/io/opentelemetry/opentelemetry-exporter-logging/1.50.0/opentelemetry-exporter-logging-1.50.0.jar:/home/peregrine-it/.m2/repository/io/opentelemetry/opentelemetry-sdk-common/1.50.0/opentelemetry-sdk-common-1.50.0.jar:/home/peregrine-it/.m2/repository/io/opentelemetry/opentelemetry-sdk-extension-autoconfigure-spi/1.50.0/opentelemetry-sdk-extension-autoconfigure-spi-1.50.0.jar:/home/peregrine-it/.m2/repository/io/opentelemetry/opentelemetry-sdk-extension-autoconfigure/1.50.0/opentelemetry-sdk-extension-autoconfigure-1.50.0.jar:/home/peregrine-it/.m2/repository/io/opentelemetry/opentelemetry-sdk-trace/1.50.0/opentelemetry-sdk-trace-1.50.0.jar:/home/peregrine-it/.m2/repository/io/opentelemetry/opentelemetry-sdk/1.50.0/opentelemetry-sdk-1.50.0.jar:/home/peregrine-it/.m2/repository/io/opentelemetry/opentelemetry-sdk-metrics/1.50.0/opentelemetry-sdk-metrics-1.50.0.jar:/home/peregrine-it/.m2/repository/io/opentelemetry/opentelemetry-sdk-logs/1.50.0/opentelemetry-sdk-logs-1.50.0.jar:/home/peregrine-it/.m2/repository/net/bytebuddy/byte-buddy/1.17.5/byte-buddy-1.17.5.jar:/home/peregrine-it/.m2/repository/org/seleniumhq/selenium/selenium-os/4.33.0/selenium-os-4.33.0.jar:/home/peregrine-it/.m2/repository/org/apache/commons/commons-exec/1.4.0/commons-exec-1.4.0.jar:/home/peregrine-it/.m2/repository/org/seleniumhq/selenium/selenium-safari-driver/4.33.0/selenium-safari-driver-4.33.0.jar:/home/peregrine-it/.m2/repository/org/seleniumhq/selenium/selenium-support/4.33.0/selenium-support-4.33.0.jar:/home/peregrine-it/.m2/repository/org/testng/testng/7.11.0/testng-7.11.0.jar:/home/peregrine-it/.m2/repository/org/jcommander/jcommander/1.83/jcommander-1.83.jar:/home/peregrine-it/.m2/repository/org/webjars/jquery/3.7.1/jquery-3.7.1.jar:/home/peregrine-it/.m2/repository/org/apache/poi/poi/5.2.5/poi-5.2.5.jar:/home/peregrine-it/.m2/repository/org/apache/commons/commons-collections4/4.4/commons-collections4-4.4.jar:/home/peregrine-it/.m2/repository/org/apache/commons/commons-math3/3.6.1/commons-math3-3.6.1.jar:/home/peregrine-it/.m2/repository/com/zaxxer/SparseBitSet/1.3/SparseBitSet-1.3.jar:/home/peregrine-it/.m2/repository/org/apache/poi/poi-ooxml/5.2.5/poi-ooxml-5.2.5.jar:/home/peregrine-it/.m2/repository/org/apache/poi/poi-ooxml-lite/5.2.5/poi-ooxml-lite-5.2.5.jar:/home/peregrine-it/.m2/repository/org/apache/xmlbeans/xmlbeans/5.2.0/xmlbeans-5.2.0.jar:/home/peregrine-it/.m2/repository/com/github/virtuald/curvesapi/1.08/curvesapi-1.08.jar:/home/peregrine-it/.m2/repository/com/sun/mail/jakarta.mail/2.0.1/jakarta.mail-2.0.1.jar:/home/peregrine-it/.m2/repository/com/sun/activation/jakarta.activation/2.0.1/jakarta.activation-2.0.1.jar:/home/peregrine-it/.m2/repository/org/apache/maven/surefire/surefire-testng/2.22.2/surefire-testng-2.22.2.jar:/home/peregrine-it/.m2/repository/org/apache/maven/surefire/common-java5/2.22.2/common-java5-2.22.2.jar:/home/peregrine-it/.m2/repository/org/apache/maven/surefire/surefire-testng-utils/2.22.2/surefire-testng-utils-2.22.2.jar:/home/peregrine-it/.m2/repository/org/apache/maven/surefire/surefire-grouper/2.22.2/surefire-grouper-2.22.2.jar"/>
    <property name="java.vm.vendor" value="Ubuntu"/>
    <property name="sun.arch.data.model" value="64"/>
    <property name="java.vendor.url" value="https://ubuntu.com/"/>
    <property name="os.name" value="Linux"/>
    <property name="java.vm.specification.version" value="17"/>
    <property name="sun.java.launcher" value="SUN_STANDARD"/>
    <property name="user.country" value="IN"/>
    <property name="sun.boot.library.path" value="/usr/lib/jvm/java-17-openjdk-amd64/lib"/>
    <property name="sun.java.command" value="org.apache.maven.surefire.booter.ForkedBooter /home/peregrine-it/eclipse/AttendanceRecord/target/surefire 2025-07-02T17-50-16_616-jvmRun1 surefire6328532755436604544tmp surefire_010908200528959697665tmp"/>
    <property name="jdk.debug" value="release"/>
    <property name="surefire.test.class.path" value="/home/peregrine-it/eclipse/AttendanceRecord/target/test-classes:/home/peregrine-it/eclipse/AttendanceRecord/target/classes:/home/peregrine-it/.m2/repository/junit/junit/3.8.1/junit-3.8.1.jar:/home/peregrine-it/.m2/repository/org/apache/commons/commons-compress/1.27.1/commons-compress-1.27.1.jar:/home/peregrine-it/.m2/repository/commons-codec/commons-codec/1.17.1/commons-codec-1.17.1.jar:/home/peregrine-it/.m2/repository/commons-io/commons-io/2.16.1/commons-io-2.16.1.jar:/home/peregrine-it/.m2/repository/org/apache/commons/commons-lang3/3.16.0/commons-lang3-3.16.0.jar:/home/peregrine-it/.m2/repository/org/apache/logging/log4j/log4j-core/2.20.0/log4j-core-2.20.0.jar:/home/peregrine-it/.m2/repository/org/apache/logging/log4j/log4j-api/2.20.0/log4j-api-2.20.0.jar:/home/peregrine-it/.m2/repository/io/github/bonigarcia/webdrivermanager/5.6.2/webdrivermanager-5.6.2.jar:/home/peregrine-it/.m2/repository/org/slf4j/slf4j-api/2.0.9/slf4j-api-2.0.9.jar:/home/peregrine-it/.m2/repository/com/google/code/gson/gson/2.10.1/gson-2.10.1.jar:/home/peregrine-it/.m2/repository/com/github/docker-java/docker-java/3.3.4/docker-java-3.3.4.jar:/home/peregrine-it/.m2/repository/com/github/docker-java/docker-java-core/3.3.4/docker-java-core-3.3.4.jar:/home/peregrine-it/.m2/repository/com/github/docker-java/docker-java-api/3.3.4/docker-java-api-3.3.4.jar:/home/peregrine-it/.m2/repository/com/fasterxml/jackson/core/jackson-annotations/2.10.3/jackson-annotations-2.10.3.jar:/home/peregrine-it/.m2/repository/com/fasterxml/jackson/core/jackson-databind/2.10.3/jackson-databind-2.10.3.jar:/home/peregrine-it/.m2/repository/com/fasterxml/jackson/core/jackson-core/2.10.3/jackson-core-2.10.3.jar:/home/peregrine-it/.m2/repository/org/bouncycastle/bcpkix-jdk18on/1.76/bcpkix-jdk18on-1.76.jar:/home/peregrine-it/.m2/repository/org/bouncycastle/bcprov-jdk18on/1.76/bcprov-jdk18on-1.76.jar:/home/peregrine-it/.m2/repository/org/bouncycastle/bcutil-jdk18on/1.76/bcutil-jdk18on-1.76.jar:/home/peregrine-it/.m2/repository/org/slf4j/jcl-over-slf4j/1.7.30/jcl-over-slf4j-1.7.30.jar:/home/peregrine-it/.m2/repository/com/github/docker-java/docker-java-transport-httpclient5/3.3.4/docker-java-transport-httpclient5-3.3.4.jar:/home/peregrine-it/.m2/repository/com/github/docker-java/docker-java-transport/3.3.4/docker-java-transport-3.3.4.jar:/home/peregrine-it/.m2/repository/net/java/dev/jna/jna/5.13.0/jna-5.13.0.jar:/home/peregrine-it/.m2/repository/org/brotli/dec/0.1.2/dec-0.1.2.jar:/home/peregrine-it/.m2/repository/org/apache/httpcomponents/client5/httpclient5/5.2.1/httpclient5-5.2.1.jar:/home/peregrine-it/.m2/repository/org/apache/httpcomponents/core5/httpcore5/5.2/httpcore5-5.2.jar:/home/peregrine-it/.m2/repository/org/apache/httpcomponents/core5/httpcore5-h2/5.2/httpcore5-h2-5.2.jar:/home/peregrine-it/.m2/repository/org/seleniumhq/selenium/selenium-java/4.33.0/selenium-java-4.33.0.jar:/home/peregrine-it/.m2/repository/org/seleniumhq/selenium/selenium-api/4.33.0/selenium-api-4.33.0.jar:/home/peregrine-it/.m2/repository/org/jspecify/jspecify/1.0.0/jspecify-1.0.0.jar:/home/peregrine-it/.m2/repository/org/seleniumhq/selenium/selenium-chrome-driver/4.33.0/selenium-chrome-driver-4.33.0.jar:/home/peregrine-it/.m2/repository/com/google/auto/service/auto-service-annotations/1.1.1/auto-service-annotations-1.1.1.jar:/home/peregrine-it/.m2/repository/org/seleniumhq/selenium/selenium-chromium-driver/4.33.0/selenium-chromium-driver-4.33.0.jar:/home/peregrine-it/.m2/repository/org/seleniumhq/selenium/selenium-json/4.33.0/selenium-json-4.33.0.jar:/home/peregrine-it/.m2/repository/org/seleniumhq/selenium/selenium-manager/4.33.0/selenium-manager-4.33.0.jar:/home/peregrine-it/.m2/repository/org/seleniumhq/selenium/selenium-devtools-v135/4.33.0/selenium-devtools-v135-4.33.0.jar:/home/peregrine-it/.m2/repository/org/seleniumhq/selenium/selenium-devtools-v136/4.33.0/selenium-devtools-v136-4.33.0.jar:/home/peregrine-it/.m2/repository/org/seleniumhq/selenium/selenium-devtools-v137/4.33.0/selenium-devtools-v137-4.33.0.jar:/home/peregrine-it/.m2/repository/org/seleniumhq/selenium/selenium-edge-driver/4.33.0/selenium-edge-driver-4.33.0.jar:/home/peregrine-it/.m2/repository/org/seleniumhq/selenium/selenium-firefox-driver/4.33.0/selenium-firefox-driver-4.33.0.jar:/home/peregrine-it/.m2/repository/org/seleniumhq/selenium/selenium-http/4.33.0/selenium-http-4.33.0.jar:/home/peregrine-it/.m2/repository/org/seleniumhq/selenium/selenium-ie-driver/4.33.0/selenium-ie-driver-4.33.0.jar:/home/peregrine-it/.m2/repository/org/seleniumhq/selenium/selenium-remote-driver/4.33.0/selenium-remote-driver-4.33.0.jar:/home/peregrine-it/.m2/repository/com/google/guava/guava/33.4.8-jre/guava-33.4.8-jre.jar:/home/peregrine-it/.m2/repository/com/google/guava/failureaccess/1.0.3/failureaccess-1.0.3.jar:/home/peregrine-it/.m2/repository/com/google/guava/listenablefuture/9999.0-empty-to-avoid-conflict-with-guava/listenablefuture-9999.0-empty-to-avoid-conflict-with-guava.jar:/home/peregrine-it/.m2/repository/com/google/errorprone/error_prone_annotations/2.36.0/error_prone_annotations-2.36.0.jar:/home/peregrine-it/.m2/repository/com/google/j2objc/j2objc-annotations/3.0.0/j2objc-annotations-3.0.0.jar:/home/peregrine-it/.m2/repository/io/opentelemetry/opentelemetry-api/1.50.0/opentelemetry-api-1.50.0.jar:/home/peregrine-it/.m2/repository/io/opentelemetry/opentelemetry-context/1.50.0/opentelemetry-context-1.50.0.jar:/home/peregrine-it/.m2/repository/io/opentelemetry/opentelemetry-exporter-logging/1.50.0/opentelemetry-exporter-logging-1.50.0.jar:/home/peregrine-it/.m2/repository/io/opentelemetry/opentelemetry-sdk-common/1.50.0/opentelemetry-sdk-common-1.50.0.jar:/home/peregrine-it/.m2/repository/io/opentelemetry/opentelemetry-sdk-extension-autoconfigure-spi/1.50.0/opentelemetry-sdk-extension-autoconfigure-spi-1.50.0.jar:/home/peregrine-it/.m2/repository/io/opentelemetry/opentelemetry-sdk-extension-autoconfigure/1.50.0/opentelemetry-sdk-extension-autoconfigure-1.50.0.jar:/home/peregrine-it/.m2/repository/io/opentelemetry/opentelemetry-sdk-trace/1.50.0/opentelemetry-sdk-trace-1.50.0.jar:/home/peregrine-it/.m2/repository/io/opentelemetry/opentelemetry-sdk/1.50.0/opentelemetry-sdk-1.50.0.jar:/home/peregrine-it/.m2/repository/io/opentelemetry/opentelemetry-sdk-metrics/1.50.0/opentelemetry-sdk-metrics-1.50.0.jar:/home/peregrine-it/.m2/repository/io/opentelemetry/opentelemetry-sdk-logs/1.50.0/opentelemetry-sdk-logs-1.50.0.jar:/home/peregrine-it/.m2/repository/net/bytebuddy/byte-buddy/1.17.5/byte-buddy-1.17.5.jar:/home/peregrine-it/.m2/repository/org/seleniumhq/selenium/selenium-os/4.33.0/selenium-os-4.33.0.jar:/home/peregrine-it/.m2/repository/org/apache/commons/commons-exec/1.4.0/commons-exec-1.4.0.jar:/home/peregrine-it/.m2/repository/org/seleniumhq/selenium/selenium-safari-driver/4.33.0/selenium-safari-driver-4.33.0.jar:/home/peregrine-it/.m2/repository/org/seleniumhq/selenium/selenium-support/4.33.0/selenium-support-4.33.0.jar:/home/peregrine-it/.m2/repository/org/testng/testng/7.11.0/testng-7.11.0.jar:/home/peregrine-it/.m2/repository/org/jcommander/jcommander/1.83/jcommander-1.83.jar:/home/peregrine-it/.m2/repository/org/webjars/jquery/3.7.1/jquery-3.7.1.jar:/home/peregrine-it/.m2/repository/org/apache/poi/poi/5.2.5/poi-5.2.5.jar:/home/peregrine-it/.m2/repository/org/apache/commons/commons-collections4/4.4/commons-collections4-4.4.jar:/home/peregrine-it/.m2/repository/org/apache/commons/commons-math3/3.6.1/commons-math3-3.6.1.jar:/home/peregrine-it/.m2/repository/com/zaxxer/SparseBitSet/1.3/SparseBitSet-1.3.jar:/home/peregrine-it/.m2/repository/org/apache/poi/poi-ooxml/5.2.5/poi-ooxml-5.2.5.jar:/home/peregrine-it/.m2/repository/org/apache/poi/poi-ooxml-lite/5.2.5/poi-ooxml-lite-5.2.5.jar:/home/peregrine-it/.m2/repository/org/apache/xmlbeans/xmlbeans/5.2.0/xmlbeans-5.2.0.jar:/home/peregrine-it/.m2/repository/com/github/virtuald/curvesapi/1.08/curvesapi-1.08.jar:/home/peregrine-it/.m2/repository/com/sun/mail/jakarta.mail/2.0.1/jakarta.mail-2.0.1.jar:/home/peregrine-it/.m2/repository/com/sun/activation/jakarta.activation/2.0.1/jakarta.activation-2.0.1.jar:"/>
    <property name="sun.cpu.endian" value="little"/>
    <property name="user.home" value="/home/peregrine-it"/>
    <property name="user.language" value="en"/>
    <property name="java.specification.vendor" value="Oracle Corporation"/>
    <property name="java.version.date" value="2025-04-15"/>
    <property name="java.home" value="/usr/lib/jvm/java-17-openjdk-amd64"/>
    <property name="file.separator" value="/"/>
    <property name="basedir" value="/home/peregrine-it/eclipse/AttendanceRecord"/>
    <property name="java.vm.compressedOopsMode" value="Zero based"/>
    <property name="line.separator" value="&#10;"/>
    <property name="java.vm.specification.vendor" value="Oracle Corporation"/>
    <property name="java.specification.name" value="Java Platform API Specification"/>
    <property name="sun.management.compiler" value="HotSpot 64-Bit Tiered Compilers"/>
    <property name="java.runtime.version" value="17.0.15+6-Ubuntu-0ubuntu122.04"/>
    <property name="user.name" value="peregrine-it"/>
    <property name="path.separator" value=":"/>
    <property name="os.version" value="6.8.0-60-generic"/>
    <property name="java.runtime.name" value="OpenJDK Runtime Environment"/>
    <property name="file.encoding" value="UTF-8"/>
    <property name="java.vm.name" value="OpenJDK 64-Bit Server VM"/>
    <property name="localRepository" value="/home/peregrine-it/.m2/repository"/>
    <property name="java.vendor.url.bug" value="https://bugs.launchpad.net/ubuntu/+source/openjdk-17"/>
    <property name="java.io.tmpdir" value="/tmp"/>
    <property name="java.version" value="17.0.15"/>
    <property name="user.dir" value="/home/peregrine-it/eclipse/AttendanceRecord"/>
    <property name="os.arch" value="amd64"/>
    <property name="java.vm.specification.name" value="Java Virtual Machine Specification"/>
    <property name="native.encoding" value="UTF-8"/>
    <property name="java.library.path" value="/usr/java/packages/lib:/usr/lib/x86_64-linux-gnu/jni:/lib/x86_64-linux-gnu:/usr/lib/x86_64-linux-gnu:/usr/lib/jni:/lib:/usr/lib"/>
    <property name="java.vm.info" value="mixed mode, sharing"/>
    <property name="java.vendor" value="Ubuntu"/>
    <property name="java.vm.version" value="17.0.15+6-Ubuntu-0ubuntu122.04"/>
    <property name="java.specification.maintenance.version" value="1"/>
    <property name="sun.io.unicode.encoding" value="UnicodeLittle"/>
    <property name="java.class.version" value="61.0"/>
  </properties>
  <testcase name="testAccessGrantedRecordsRetrieval" classname="attendanceTests.AccessControlTests" time="58.431">
    <failure message="Email was not sent successfully! expected [true] but found [false]" type="java.lang.AssertionError">java.lang.AssertionError: Email was not sent successfully! expected [true] but found [false]
	at attendanceTests.AccessControlTests.testAccessGrantedRecordsRetrieval(AccessControlTests.java:38)
</failure>
    <system-out><![CDATA[CI Mode: false
Username being used: lavanya@peregrine-it.com
https://www.hik-connect.com/views/login/index.html#/login
Cookies accepted.
Logged in Successfully. Current URL: https://www.hik-connect.com/views/login/index.html#/portal
10 Attendance Record Fetched Successfully.
Fetching records from page: 1
Total Rows Found on Page 1: 10
------- Row 1 Data (Page 1) -------
First Name : Vineet
Last Name  : Verma
Access Time  : 2025/07/01 21:10:07
Check Type : Check-Out
-----------------------------------
------- Row 2 Data (Page 1) -------
First Name : Vineet
Last Name  : Verma
Access Time  : 2025/07/01 21:09:38
Check Type : Check-In
-----------------------------------
------- Row 3 Data (Page 1) -------
First Name : Aditya
Last Name  : Kashyap
Access Time  : 2025/07/01 20:13:06
Check Type : Check-Out
-----------------------------------
------- Row 4 Data (Page 1) -------
First Name : Sujal
Last Name  : Jain
Access Time  : 2025/07/01 20:13:03
Check Type : Check-Out
-----------------------------------
------- Row 5 Data (Page 1) -------
First Name : Siddharth
Last Name  : Swami
Access Time  : 2025/07/01 19:44:50
Check Type : Check-Out
-----------------------------------
------- Row 6 Data (Page 1) -------
First Name : Hardik
Last Name  : kumar
Access Time  : 2025/07/01 19:41:03
Check Type : Check-In
-----------------------------------
------- Row 7 Data (Page 1) -------
First Name : Preeti
Last Name  : Sengar
Access Time  : 2025/07/01 19:32:31
Check Type : Check-Out
-----------------------------------
------- Row 8 Data (Page 1) -------
First Name : Aman
Last Name  : Kumar
Access Time  : 2025/07/01 19:30:12
Check Type : Check-Out
-----------------------------------
------- Row 9 Data (Page 1) -------
First Name : Hardik
Last Name  : kumar
Access Time  : 2025/07/01 19:25:24
Check Type : Check-In
-----------------------------------
------- Row 10 Data (Page 1) -------
First Name : Lavanya
Last Name  : Bhaskar
Access Time  : 2025/07/01 19:22:40
Check Type : Check-Out
-----------------------------------
Fetching records from page: 2
Total Rows Found on Page 2: 10
------- Row 1 Data (Page 2) -------
First Name : Manorama
Last Name  : Devi
Access Time  : 2025/07/01 19:21:50
Check Type : Check-Out
-----------------------------------
------- Row 2 Data (Page 2) -------
First Name : Manorama
Last Name  : Devi
Access Time  : 2025/07/01 19:21:28
Check Type : Check-In
-----------------------------------
------- Row 3 Data (Page 2) -------
First Name : Prashant
Last Name  : Kumar
Access Time  : 2025/07/01 19:13:55
Check Type : Check-Out
-----------------------------------
------- Row 4 Data (Page 2) -------
First Name : Shahzad
Last Name  : Ahmed
Access Time  : 2025/07/01 19:12:21
Check Type : Check-Out
-----------------------------------
------- Row 5 Data (Page 2) -------
First Name : Shahzad
Last Name  : Ahmed
Access Time  : 2025/07/01 19:10:59
Check Type : Check-In
-----------------------------------
------- Row 6 Data (Page 2) -------
First Name : Sudhanshu
Last Name  : Namdev
Access Time  : 2025/07/01 19:09:19
Check Type : Check-Out
-----------------------------------
------- Row 7 Data (Page 2) -------
First Name : Sudhanshu
Last Name  : Namdev
Access Time  : 2025/07/01 19:09:11
Check Type : Check-In
-----------------------------------
------- Row 8 Data (Page 2) -------
First Name : Prerana
Last Name  : Gupta
Access Time  : 2025/07/01 19:07:34
Check Type : Check-Out
-----------------------------------
------- Row 9 Data (Page 2) -------
First Name : Akanksha
Last Name  : Sharma
Access Time  : 2025/07/01 19:06:49
Check Type : Check-Out
-----------------------------------
------- Row 10 Data (Page 2) -------
First Name : Prerana
Last Name  : Gupta
Access Time  : 2025/07/01 19:00:01
Check Type : Check-In
-----------------------------------
Fetching records from page: 3
Total Rows Found on Page 3: 10
------- Row 1 Data (Page 3) -------
First Name : Preeti
Last Name  : Sengar
Access Time  : 2025/07/01 18:57:39
Check Type : Check-In
-----------------------------------
------- Row 2 Data (Page 3) -------
First Name : Manorama
Last Name  : Devi
Access Time  : 2025/07/01 18:56:00
Check Type : Check-In
-----------------------------------
------- Row 3 Data (Page 3) -------
First Name : Sudhanshu
Last Name  : Namdev
Access Time  : 2025/07/01 18:52:39
Check Type : Check-In
-----------------------------------
------- Row 4 Data (Page 3) -------
First Name : Akanksha
Last Name  : Sharma
Access Time  : 2025/07/01 18:40:42
Check Type : Check-In
-----------------------------------
------- Row 5 Data (Page 3) -------
First Name : Vineet
Last Name  : Verma
Access Time  : 2025/07/01 18:35:22
Check Type : Check-In
-----------------------------------
------- Row 6 Data (Page 3) -------
First Name : Hardik
Last Name  : kumar
Access Time  : 2025/07/01 18:26:26
Check Type : Check-In
-----------------------------------
------- Row 7 Data (Page 3) -------
First Name : Shahzad
Last Name  : Ahmed
Access Time  : 2025/07/01 18:25:04
Check Type : Check-In
-----------------------------------
------- Row 8 Data (Page 3) -------
First Name : Mukesh
Last Name  : Swami
Access Time  : 2025/07/01 18:14:38
Check Type : Check-In
-----------------------------------
------- Row 9 Data (Page 3) -------
First Name : Sujal
Last Name  : Jain
Access Time  : 2025/07/01 18:13:27
Check Type : Check-In
-----------------------------------
------- Row 10 Data (Page 3) -------
First Name : Shahzad
Last Name  : Ahmed
Access Time  : 2025/07/01 18:03:15
Check Type : Check-In
-----------------------------------
Fetching records from page: 4
Total Rows Found on Page 4: 10
------- Row 1 Data (Page 4) -------
First Name : Preeti
Last Name  : Sengar
Access Time  : 2025/07/01 17:50:37
Check Type : Check-In
-----------------------------------
------- Row 2 Data (Page 4) -------
First Name : Manorama
Last Name  : Devi
Access Time  : 2025/07/01 17:45:47
Check Type : Check-In
-----------------------------------
------- Row 3 Data (Page 4) -------
First Name : Sudhanshu
Last Name  : Namdev
Access Time  : 2025/07/01 17:39:28
Check Type : Check-In
-----------------------------------
------- Row 4 Data (Page 4) -------
First Name : Prashant
Last Name  : Kumar
Access Time  : 2025/07/01 17:35:12
Check Type : Check-In
-----------------------------------
------- Row 5 Data (Page 4) -------
First Name : Lavanya
Last Name  : Bhaskar
Access Time  : 2025/07/01 17:32:35
Check Type : Check-In
-----------------------------------
------- Row 6 Data (Page 4) -------
First Name : Aditya
Last Name  : Kashyap
Access Time  : 2025/07/01 17:22:36
Check Type : Check-In
-----------------------------------
------- Row 7 Data (Page 4) -------
First Name : Vineet
Last Name  : Verma
Access Time  : 2025/07/01 17:15:23
Check Type : Check-In
-----------------------------------
------- Row 8 Data (Page 4) -------
First Name : Akanksha
Last Name  : Sharma
Access Time  : 2025/07/01 17:12:09
Check Type : Check-In
-----------------------------------
------- Row 9 Data (Page 4) -------
First Name : Aman
Last Name  : Kumar
Access Time  : 2025/07/01 17:04:48
Check Type : Check-In
-----------------------------------
------- Row 10 Data (Page 4) -------
First Name : Lavanya
Last Name  : Bhaskar
Access Time  : 2025/07/01 16:59:02
Check Type : Check-In
-----------------------------------
Fetching records from page: 5
Total Rows Found on Page 5: 10
------- Row 1 Data (Page 5) -------
First Name : Hardik
Last Name  : kumar
Access Time  : 2025/07/01 16:58:48
Check Type : Check-In
-----------------------------------
------- Row 2 Data (Page 5) -------
First Name : Siddharth
Last Name  : Swami
Access Time  : 2025/07/01 16:47:32
Check Type : Check-In
-----------------------------------
------- Row 3 Data (Page 5) -------
First Name : Shahzad
Last Name  : Ahmed
Access Time  : 2025/07/01 16:43:45
Check Type : Check-In
-----------------------------------
------- Row 4 Data (Page 5) -------
First Name : Preeti
Last Name  : Sengar
Access Time  : 2025/07/01 16:38:57
Check Type : Check-In
-----------------------------------
------- Row 5 Data (Page 5) -------
First Name : Prerana
Last Name  : Gupta
Access Time  : 2025/07/01 16:28:21
Check Type : Check-In
-----------------------------------
------- Row 6 Data (Page 5) -------
First Name : Akanksha
Last Name  : Sharma
Access Time  : 2025/07/01 16:26:46
Check Type : Check-In
-----------------------------------
------- Row 7 Data (Page 5) -------
First Name : Sudhanshu
Last Name  : Namdev
Access Time  : 2025/07/01 16:18:37
Check Type : Check-In
-----------------------------------
------- Row 8 Data (Page 5) -------
First Name : Vineet
Last Name  : Verma
Access Time  : 2025/07/01 16:11:50
Check Type : Check-In
-----------------------------------
------- Row 9 Data (Page 5) -------
First Name : Prashant
Last Name  : Kumar
Access Time  : 2025/07/01 16:11:00
Check Type : Check-In
-----------------------------------
------- Row 10 Data (Page 5) -------
First Name : Manorama
Last Name  : Devi
Access Time  : 2025/07/01 16:09:06
Check Type : Check-In
-----------------------------------
Fetching records from page: 6
Total Rows Found on Page 6: 10
------- Row 1 Data (Page 6) -------
First Name : Aman
Last Name  : Kumar
Access Time  : 2025/07/01 15:52:33
Check Type : Check-In
-----------------------------------
------- Row 2 Data (Page 6) -------
First Name : chai wale
Last Name  : bhaiya
Access Time  : 2025/07/01 15:36:48
Check Type : Check-In
-----------------------------------
------- Row 3 Data (Page 6) -------
First Name : Mukesh
Last Name  : Swami
Access Time  : 2025/07/01 15:11:07
Check Type : Check-In
-----------------------------------
------- Row 4 Data (Page 6) -------
First Name : Siddharth
Last Name  : Swami
Access Time  : 2025/07/01 14:50:35
Check Type : Check-In
-----------------------------------
------- Row 5 Data (Page 6) -------
First Name : Shahzad
Last Name  : Ahmed
Access Time  : 2025/07/01 14:49:19
Check Type : Check-In
-----------------------------------
------- Row 6 Data (Page 6) -------
First Name : Hardik
Last Name  : kumar
Access Time  : 2025/07/01 14:43:16
Check Type : Check-In
-----------------------------------
------- Row 7 Data (Page 6) -------
First Name : Aditya
Last Name  : Kashyap
Access Time  : 2025/07/01 14:33:55
Check Type : Check-In
-----------------------------------
------- Row 8 Data (Page 6) -------
First Name : Aditya
Last Name  : Kashyap
Access Time  : 2025/07/01 14:17:43
Check Type : Check-In
-----------------------------------
------- Row 9 Data (Page 6) -------
First Name : Shahzad
Last Name  : Ahmed
Access Time  : 2025/07/01 14:13:18
Check Type : Check-In
-----------------------------------
------- Row 10 Data (Page 6) -------
First Name : Sujal
Last Name  : Jain
Access Time  : 2025/07/01 14:03:11
Check Type : Check-In
-----------------------------------
Fetching records from page: 7
Total Rows Found on Page 7: 10
------- Row 1 Data (Page 7) -------
First Name : chai wale
Last Name  : bhaiya
Access Time  : 2025/07/01 14:02:27
Check Type : Check-In
-----------------------------------
------- Row 2 Data (Page 7) -------
First Name : Hardik
Last Name  : kumar
Access Time  : 2025/07/01 13:49:12
Check Type : Check-In
-----------------------------------
------- Row 3 Data (Page 7) -------
First Name : Aman
Last Name  : Kumar
Access Time  : 2025/07/01 13:48:14
Check Type : Check-In
-----------------------------------
------- Row 4 Data (Page 7) -------
First Name : chai wale
Last Name  : bhaiya
Access Time  : 2025/07/01 13:47:26
Check Type : Check-In
-----------------------------------
------- Row 5 Data (Page 7) -------
First Name : Siddharth
Last Name  : Swami
Access Time  : 2025/07/01 13:37:58
Check Type : Check-In
-----------------------------------
------- Row 6 Data (Page 7) -------
First Name : Aditya
Last Name  : Kashyap
Access Time  : 2025/07/01 13:37:27
Check Type : Check-In
-----------------------------------
------- Row 7 Data (Page 7) -------
First Name : Lavanya
Last Name  : Bhaskar
Access Time  : 2025/07/01 13:35:50
Check Type : Check-In
-----------------------------------
------- Row 8 Data (Page 7) -------
First Name : Mukesh
Last Name  : Swami
Access Time  : 2025/07/01 13:33:30
Check Type : Check-In
-----------------------------------
------- Row 9 Data (Page 7) -------
First Name : Akanksha
Last Name  : Sharma
Access Time  : 2025/07/01 13:32:56
Check Type : Check-In
-----------------------------------
------- Row 10 Data (Page 7) -------
First Name : Sudhanshu
Last Name  : Namdev
Access Time  : 2025/07/01 12:59:00
Check Type : Check-In
-----------------------------------
Fetching records from page: 8
Total Rows Found on Page 8: 10
------- Row 1 Data (Page 8) -------
First Name : Prashant
Last Name  : Kumar
Access Time  : 2025/07/01 12:54:12
Check Type : Check-In
-----------------------------------
------- Row 2 Data (Page 8) -------
First Name : Prerana
Last Name  : Gupta
Access Time  : 2025/07/01 12:51:01
Check Type : Check-In
-----------------------------------
------- Row 3 Data (Page 8) -------
First Name : Aman
Last Name  : Kumar
Access Time  : 2025/07/01 12:36:44
Check Type : Check-In
-----------------------------------
------- Row 4 Data (Page 8) -------
First Name : Preeti
Last Name  : Sengar
Access Time  : 2025/07/01 12:33:52
Check Type : Check-In
-----------------------------------
------- Row 5 Data (Page 8) -------
First Name : Hardik
Last Name  : kumar
Access Time  : 2025/07/01 12:32:15
Check Type : Check-In
-----------------------------------
------- Row 6 Data (Page 8) -------
First Name : Shahzad
Last Name  : Ahmed
Access Time  : 2025/07/01 12:22:38
Check Type : Check-In
-----------------------------------
------- Row 7 Data (Page 8) -------
First Name : Vineet
Last Name  : Verma
Access Time  : 2025/07/01 12:15:04
Check Type : Check-In
-----------------------------------
------- Row 8 Data (Page 8) -------
First Name : Manorama
Last Name  : Devi
Access Time  : 2025/07/01 12:14:40
Check Type : Check-In
-----------------------------------
------- Row 9 Data (Page 8) -------
First Name : Prashant
Last Name  : Kumar
Access Time  : 2025/07/01 12:04:37
Check Type : Check-In
-----------------------------------
------- Row 10 Data (Page 8) -------
First Name : Akanksha
Last Name  : Sharma
Access Time  : 2025/07/01 11:32:10
Check Type : Check-In
-----------------------------------
Fetching records from page: 9
Total Rows Found on Page 9: 10
------- Row 1 Data (Page 9) -------
First Name : Hardik
Last Name  : kumar
Access Time  : 2025/07/01 11:28:25
Check Type : Check-In
-----------------------------------
------- Row 2 Data (Page 9) -------
First Name : Preeti
Last Name  : Sengar
Access Time  : 2025/07/01 11:22:13
Check Type : Check-In
-----------------------------------
------- Row 3 Data (Page 9) -------
First Name : Prerana
Last Name  : Gupta
Access Time  : 2025/07/01 11:10:44
Check Type : Check-In
-----------------------------------
------- Row 4 Data (Page 9) -------
First Name : Vineet
Last Name  : Verma
Access Time  : 2025/07/01 11:09:45
Check Type : Check-In
-----------------------------------
------- Row 5 Data (Page 9) -------
First Name : Manorama
Last Name  : Devi
Access Time  : 2025/07/01 10:56:46
Check Type : Check-In
-----------------------------------
------- Row 6 Data (Page 9) -------
First Name : Mukesh
Last Name  : Swami
Access Time  : 2025/07/01 10:55:20
Check Type : Check-In
-----------------------------------
------- Row 7 Data (Page 9) -------
First Name : Mukesh
Last Name  : Swami
Access Time  : 2025/07/01 10:48:09
Check Type : Check-In
-----------------------------------
------- Row 8 Data (Page 9) -------
First Name : Aditya
Last Name  : Kashyap
Access Time  : 2025/07/01 10:43:45
Check Type : Check-In
-----------------------------------
------- Row 9 Data (Page 9) -------
First Name : Lavanya
Last Name  : Bhaskar
Access Time  : 2025/07/01 10:29:51
Check Type : Check-In
-----------------------------------
------- Row 10 Data (Page 9) -------
First Name : chai wale
Last Name  : bhaiya
Access Time  : 2025/07/01 10:28:25
Check Type : Check-In
-----------------------------------
Fetching records from page: 10
Total Rows Found on Page 10: 10
------- Row 1 Data (Page 10) -------
First Name : chai wale
Last Name  : bhaiya
Access Time  : 2025/07/01 10:27:32
Check Type : Check-In
-----------------------------------
------- Row 2 Data (Page 10) -------
First Name : Preeti
Last Name  : Sengar
Access Time  : 2025/07/01 10:18:12
Check Type : Check-In
-----------------------------------
------- Row 3 Data (Page 10) -------
First Name : Manorama
Last Name  : Devi
Access Time  : 2025/07/01 10:16:41
Check Type : Check-In
-----------------------------------
------- Row 4 Data (Page 10) -------
First Name : Aditya
Last Name  : Kashyap
Access Time  : 2025/07/01 10:13:46
Check Type : Check-In
-----------------------------------
------- Row 5 Data (Page 10) -------
First Name : Sujal
Last Name  : Jain
Access Time  : 2025/07/01 10:13:42
Check Type : Check-In
-----------------------------------
------- Row 6 Data (Page 10) -------
First Name : Prashant
Last Name  : Kumar
Access Time  : 2025/07/01 10:10:24
Check Type : Check-In
-----------------------------------
------- Row 7 Data (Page 10) -------
First Name : Hardik
Last Name  : kumar
Access Time  : 2025/07/01 10:07:12
Check Type : Check-In
-----------------------------------
------- Row 8 Data (Page 10) -------
First Name : Akanksha
Last Name  : Sharma
Access Time  : 2025/07/01 10:06:15
Check Type : Check-In
-----------------------------------
------- Row 9 Data (Page 10) -------
First Name : Sudhanshu
Last Name  : Namdev
Access Time  : 2025/07/01 10:06:11
Check Type : Check-In
-----------------------------------
------- Row 10 Data (Page 10) -------
First Name : Prerana
Last Name  : Gupta
Access Time  : 2025/07/01 10:02:04
Check Type : Check-In
-----------------------------------
Fetching records from page: 11
Total Rows Found on Page 11: 10
------- Row 1 Data (Page 11) -------
First Name : Aman
Last Name  : Kumar
Access Time  : 2025/07/01 10:00:10
Check Type : Check-In
-----------------------------------
------- Row 2 Data (Page 11) -------
First Name : Vineet
Last Name  : Verma
Access Time  : 2025/07/01 09:59:22
Check Type : Check-In
-----------------------------------
------- Row 3 Data (Page 11) -------
First Name : Vineet
Last Name  : Verma
Access Time  : 2025/07/01 09:54:04
Check Type : Check-In
-----------------------------------
------- Row 4 Data (Page 11) -------
First Name : Lavanya
Last Name  : Bhaskar
Access Time  : 2025/07/01 09:53:29
Check Type : Check-In
-----------------------------------
------- Row 5 Data (Page 11) -------
First Name : Shahzad
Last Name  : Ahmed
Access Time  : 2025/07/01 09:50:32
Check Type : Check-In
-----------------------------------
------- Row 6 Data (Page 11) -------
First Name : Vineet
Last Name  : Verma
Access Time  : 2025/07/01 09:50:28
Check Type : Check-In
-----------------------------------
------- Row 7 Data (Page 11) -------
First Name : Siddharth
Last Name  : Swami
Access Time  : 2025/07/01 09:44:03
Check Type : Check-In
-----------------------------------
------- Row 8 Data (Page 11) -------
First Name : Siddharth
Last Name  : Swami
Access Time  : 2025/07/01 09:30:48
Check Type : Check-In
-----------------------------------
------- Row 9 Data (Page 11) -------
First Name : Hardik
Last Name  : kumar
Access Time  : 2025/07/01 08:09:05
Check Type : Check-In
-----------------------------------
------- Row 10 Data (Page 11) -------
First Name : Hardik
Last Name  : kumar
Access Time  : 2025/07/01 07:33:31
Check Type : Check-In
-----------------------------------
Next button not found or not clickable. Stopping pagination.
Total attendance records fetched: 110
🌐 CI Environment? null
📁 Current working directory: /home/peregrine-it/eclipse/AttendanceRecord
🌐 Environment variable CI = null
📁 Working Directory: /home/peregrine-it/eclipse/AttendanceRecord
📁 [LOCAL MODE] Export path set to: /home/peregrine-it/AttendanceExcels/
📝 Writing Excel file to: /home/peregrine-it/AttendanceExcels/AttendanceRecords_01_07_2025Tuesday.xlsx
✅ Excel exported: /home/peregrine-it/AttendanceExcels/AttendanceRecords_01_07_2025Tuesday.xlsx
/home/peregrine-it/AttendanceExcels/AttendanceRecords_01_07_2025Tuesday.xlsx
❌ Failed to send email: Cannot invoke "String.length()" because "s" is null
]]></system-out>
    <system-err><![CDATA[SLF4J: No SLF4J providers were found.
SLF4J: Defaulting to no-operation (NOP) logger implementation
SLF4J: See https://www.slf4j.org/codes.html#noProviders for further details.
java.lang.NullPointerException: Cannot invoke "String.length()" because "s" is null
	at jakarta.mail.internet.InternetAddress.parse(InternetAddress.java:769)
	at jakarta.mail.internet.InternetAddress.parse(InternetAddress.java:728)
	at jakarta.mail.internet.InternetAddress.<init>(InternetAddress.java:95)
	at attendanceUtils.EmailSender.sendEmailWithAttachment(EmailSender.java:28)
	at attendanceTests.AccessControlTests.testAccessGrantedRecordsRetrieval(AccessControlTests.java:28)
	at java.base/jdk.internal.reflect.NativeMethodAccessorImpl.invoke0(Native Method)
	at java.base/jdk.internal.reflect.NativeMethodAccessorImpl.invoke(NativeMethodAccessorImpl.java:77)
	at java.base/jdk.internal.reflect.DelegatingMethodAccessorImpl.invoke(DelegatingMethodAccessorImpl.java:43)
	at java.base/java.lang.reflect.Method.invoke(Method.java:569)
	at org.testng.internal.invokers.MethodInvocationHelper.invokeMethod(MethodInvocationHelper.java:141)
	at org.testng.internal.invokers.TestInvoker.invokeMethod(TestInvoker.java:687)
	at org.testng.internal.invokers.TestInvoker.invokeTestMethod(TestInvoker.java:230)
	at org.testng.internal.invokers.MethodRunner.runInSequence(MethodRunner.java:63)
	at org.testng.internal.invokers.TestInvoker$MethodInvocationAgent.invoke(TestInvoker.java:995)
	at org.testng.internal.invokers.TestInvoker.invokeTestMethods(TestInvoker.java:203)
	at org.testng.internal.invokers.TestMethodWorker.invokeTestMethods(TestMethodWorker.java:154)
	at org.testng.internal.invokers.TestMethodWorker.run(TestMethodWorker.java:134)
	at java.base/java.util.ArrayList.forEach(ArrayList.java:1511)
	at org.testng.TestRunner.privateRun(TestRunner.java:741)
	at org.testng.TestRunner.run(TestRunner.java:616)
	at org.testng.SuiteRunner.runTest(SuiteRunner.java:421)
	at org.testng.SuiteRunner.runSequentially(SuiteRunner.java:413)
	at org.testng.SuiteRunner.privateRun(SuiteRunner.java:373)
	at org.testng.SuiteRunner.run(SuiteRunner.java:312)
	at org.testng.SuiteRunnerWorker.runSuite(SuiteRunnerWorker.java:52)
	at org.testng.SuiteRunnerWorker.run(SuiteRunnerWorker.java:95)
	at org.testng.TestNG.runSuitesSequentially(TestNG.java:1274)
	at org.testng.TestNG.runSuitesLocally(TestNG.java:1208)
	at org.testng.TestNG.runSuites(TestNG.java:1112)
	at org.testng.TestNG.run(TestNG.java:1079)
	at org.apache.maven.surefire.testng.TestNGExecutor.run(TestNGExecutor.java:135)
	at org.apache.maven.surefire.testng.TestNGDirectoryTestSuite.executeMulti(TestNGDirectoryTestSuite.java:193)
	at org.apache.maven.surefire.testng.TestNGDirectoryTestSuite.execute(TestNGDirectoryTestSuite.java:94)
	at org.apache.maven.surefire.testng.TestNGProvider.invoke(TestNGProvider.java:146)
	at org.apache.maven.surefire.booter.ForkedBooter.invokeProviderInSameClassLoader(ForkedBooter.java:384)
	at org.apache.maven.surefire.booter.ForkedBooter.runSuitesInProcess(ForkedBooter.java:345)
	at org.apache.maven.surefire.booter.ForkedBooter.execute(ForkedBooter.java:126)
	at org.apache.maven.surefire.booter.ForkedBooter.main(ForkedBooter.java:418)
]]></system-err>
  </testcase>
  <testcase name="verifyAccessControlMenuVisibleAfterLogin" classname="attendanceTests.LoginTests" time="0.046"/>
</testsuite>