<?xml version="1.0" encoding="UTF-8"?>
<!-- Generated by org.testng.reporters.JUnitReportReporter -->
<testsuite hostname="peregrineit-ThinkPad-L14-Gen-3" failures="0" tests="1" name="attendanceTests.AccessControlTests" time="50.905" errors="0" timestamp="2025-09-10T10:59:32 IST" skipped="0">
  <testcase classname="attendanceTests.AccessControlTests" name="testAccessGrantedRecordsRetrieval" time="50.905"/>
</testsuite> <!-- attendanceTests.AccessControlTests -->
