<?xml version="1.0" encoding="UTF-8"?>
<!-- Generated by org.testng.reporters.JUnitReportReporter -->
<testsuite hostname="peregrineit-ThinkPad-L14-Gen-3" failures="0" tests="1" name="attendanceTests.LoginTests" time="0.025" errors="0" timestamp="2025-07-10T10:13:18 IST" skipped="0">
  <testcase classname="attendanceTests.LoginTests" name="verifyAccessControlMenuVisibleAfterLogin" time="0.025"/>
</testsuite> <!-- attendanceTests.LoginTests -->
